Arguments: 
  /Users/masurka/.nvm/versions/node/v15.6.0/bin/node /Users/masurka/.nvm/versions/node/v15.6.0/bin/yarn deploy

PATH: 
  /Users/masurka/.npm-packages/bin:/usr/local/bin:/Users/masurka/bin:/Users/masurka/.nvm/versions/node/v15.6.0/bin:/Library/Frameworks/Python.framework/Versions/3.7/bin:/usr/local/bin:/usr/bin:/bin:/usr/sbin:/sbin:/Library/Apple/usr/bin:/Users/masurka/.npm-packages/bin:/Users/masurka/bin:/Users/masurka/.nvm/versions/node/v15.6.0/bin:/Library/Frameworks/Python.framework/Versions/3.7/bin

Yarn version: 
  1.22.10

Node version: 
  15.6.0

Platform: 
  darwin x64

Trace: 
  SyntaxError: /Users/masurka/OPTIMISM/optimism-gateway/packages/ovm-subgraphs/package.json: Unexpected token } in JSON at position 1835
      at JSON.parse (<anonymous>)
      at /Users/masurka/.nvm/versions/node/v15.6.0/lib/node_modules/yarn/lib/cli.js:1625:59
      at Generator.next (<anonymous>)
      at step (/Users/masurka/.nvm/versions/node/v15.6.0/lib/node_modules/yarn/lib/cli.js:310:30)
      at /Users/masurka/.nvm/versions/node/v15.6.0/lib/node_modules/yarn/lib/cli.js:321:13

npm manifest: 
  {
    "name": "@project/l2-subgraph",
    "version": "0.1.0",
    "scripts": {
      "prep:kovan": "npm run prep:kovan:l1 && npm run prep:kovan:l2",
      "prep:kovan:l1": "NETWORK_NAME=kovan DIR_NAME=optimism-l1-subgraph node ./templatify.js",
      "prep:kovan:l2": "NETWORK_NAME=kovan-optimism DIR_NAME=optimism-l2-subgraph node ./templatify.js",
      "prep:mainnet": "npm run prep:mainnet:l1 && npm run prep:mainnet:l2",
      "prep:mainnet:l1": "NETWORK_NAME=mainnet DIR_NAME=optimism-l1-subgraph node ./templatify.js",
      "prep:mainnet:l2": "NETWORK_NAME=optimism DIR_NAME=optimism-l2-subgraph node ./templatify.js",
      "codegen": "npm run codegen:l1 && npm run codegen:l2",
      "codegen:l1": "cd optimism-l1-subgraph && graph codegen",
      "codegen:l2": "cd optimism-l2-subgraph && graph codegen",
      "build": "npm run build:l1 && npm run build:l2",
      "build:l1": "cd optimism-l1-subgraph && graph build",
      "build:l2": "cd optimism-l2-subgraph && graph build",
      "deploy": "source .env npm run deploy:l1 && npm run deploy:l2",
      "deploy:l1": "dotenv -e .env -- cross-var \"cd optimism-l1-subgraph && graph deploy --access-token %THE_GRAPH_API_KEY% --node https://api.thegraph.com/deploy/ --ipfs https://api.thegraph.com/ipfs/ ethereum-optimism/optimism-l1-subgraph subgraph.yaml && cd ..\"",
      "deploy:l2": "dotenv -e .env -- cross-var \"cd optimism-l2-subgraph && graph deploy --access-token %THE_GRAPH_API_KEY% --node https://api.thegraph.com/deploy/ --ipfs https://api.thegraph.com/ipfs/ ethereum-optimism/optimism-l2-subgraph subgraph.yaml && cd ..\"",
      "deploy-local:l1": "graph deploy ethereum-optimism/optimism-l1-gateway --ipfs http://localhost:5001 --node http://127.0.0.1:8020",
      "deploy-local:l2": "graph deploy ethereum-optimism/optimism-l2-gateway --ipfs http://localhost:5001 --node http://127.0.0.1:8020",
    },
    "devDependencies": {
      "@graphprotocol/graph-cli": "^0.19.0",
      "@graphprotocol/graph-ts": "^0.19.0"
    },
    "dependencies": {
      "babel-polyfill": "^6.26.0",
      "babel-register": "^6.26.0",
      "cross-var": "^1.1.0",
      "dotenv": "^8.2.0",
      "dotenv-cli": "^4.0.0",
      "fs-extra": "^9.1.0",
      "handlebars": "^4.7.7",
      "js-yaml": "^4.0.0",
      "truffle": "^5.0.4",
      "truffle-contract": "^4.0.5",
      "truffle-hdwallet-provider": "^1.0.4",
      "typy": "^3.3.0"
    }
  }

yarn manifest: 
  No manifest

Lockfile: 
  No lockfile
